<?xml version="1.0" encoding="UTF-8"?>
<testsuite name="com.example.BoardTest" tests="2" skipped="0" failures="1" errors="0" timestamp="2025-12-13T00:15:00.601Z" hostname="NucBoxM5PLUS" time="0.104">
  <properties/>
  <testcase name="boardToStringTest()" classname="com.example.BoardTest" time="0.079">
    <failure message="java.lang.IndexOutOfBoundsException: Coordinates out of bounds: x=0, y=0" type="java.lang.IndexOutOfBoundsException">java.lang.IndexOutOfBoundsException: Coordinates out of bounds: x=0, y=0
	at com.example.Board.getInterSec(Board.java:29)
	at com.example.Board.boardToString(Board.java:54)
	at com.example.BoardTest.boardToStringTest(BoardTest.java:12)
	at java.base/java.lang.reflect.Method.invoke(Method.java:580)
	at java.base/java.util.ArrayList.forEach(ArrayList.java:1596)
	at java.base/java.util.ArrayList.forEach(ArrayList.java:1596)
</failure>
  </testcase>
  <testcase name="testOutOfBounds()" classname="com.example.BoardTest" time="0.022"/>
  <system-out><![CDATA[]]></system-out>
  <system-err><![CDATA[]]></system-err>
</testsuite>
